<?xml version="1.0" encoding="UTF-8"?>
<!-- Generated by org.testng.reporters.JUnitReportReporter -->
<testsuite hostname="TTNPL-UdayanMahajan" failures="0" tests="1" name="org.selenium1.TestNG" time="13.536" errors="0" timestamp="2023-03-29T11:20:57 IST" skipped="0">
  <testcase classname="org.selenium1.TestNG" name="scrollfn" time="13.536"/>
  <system-out/>
</testsuite> <!-- org.selenium1.TestNG -->
